<?xml version="1.0" encoding="UTF-8"?>
<testng-results ignored="2" total="3" passed="1" failed="0" skipped="0">
  <reporter-output>
  </reporter-output>
  <suite started-at="2023-07-27T23:13:09 CEST" name="Default suite" finished-at="2023-07-27T23:13:09 CEST" duration-ms="63">
    <groups>
    </groups>
    <test started-at="2023-07-27T23:13:09 CEST" name="Default test" finished-at="2023-07-27T23:13:09 CEST" duration-ms="63">
      <class name="listeners.TestNGListenerDemo">
        <test-method signature="test3()[pri:0, instance:listeners.TestNGListenerDemo@121314f7]" started-at="2023-07-27T23:13:09 CEST" name="test3" finished-at="2023-07-27T23:13:09 CEST" duration-ms="10" status="PASS">
          <reporter-output>
          </reporter-output>
        </test-method> <!-- test3 -->
      </class> <!-- listeners.TestNGListenerDemo -->
    </test> <!-- Default test -->
  </suite> <!-- Default suite -->
</testng-results>
