<?xml version="1.0" encoding="UTF-8"?>
<!-- Generated by org.testng.reporters.JUnitXMLReporter -->
<testsuite ignored="2" hostname="LAPTOP-FCEKCN4L" failures="0" tests="1" name="Default test" time="0.063" errors="0" timestamp="2023-07-27T23:13:09 CEST">
  <testcase classname="listeners.TestNGListenerDemo" name="test3" time="0.01"/>
  <testcase classname="listeners.TestNGListenerDemo" name="test2" time="0.0">
    <ignored/>
  </testcase> <!-- test2 -->
  <testcase classname="listeners.TestNGListenerDemo" name="test1" time="0.0">
    <ignored/>
  </testcase> <!-- test1 -->
</testsuite> <!-- Default test -->
