<?xml version="1.0" encoding="UTF-8"?>
<!-- Generated by org.testng.reporters.JUnitXMLReporter -->
<testsuite ignored="1" hostname="LAPTOP-FCEKCN4L" failures="0" tests="1" name="Test1" time="5.746" errors="0" timestamp="2023-07-26T21:01:35 CEST">
  <testcase classname="tests.GmailLoginTest_TestNGDemo" name="gmailTest" time="2.236"/>
  <testcase classname="tests.GmailLoginTest_TestNGDemo2" name="gmailTest2" time="0.0">
    <ignored/>
  </testcase> <!-- gmailTest2 -->
</testsuite> <!-- Test1 -->
